<?xml version="1.0" encoding="utf-8"?><testsuites><testsuite name="pytest" errors="0" failures="38" skipped="2" tests="779" time="671.882" timestamp="2026-06-29T22:21:11.167324+05:30" hostname="LAPTOP-LQEMECP6"><testcase classname="tests.test_abn_format" name="test_is_abn_format_eleven_digits" time="0.010" /><testcase classname="tests.test_abn_format" name="test_is_abn_format_rejects_short" time="0.003" /><testcase classname="tests.test_abn_format" name="test_checksum_stricter_than_format" time="0.005" /><testcase classname="tests.test_abn_validator" name="test_valid_abns" time="0.010" /><testcase classname="tests.test_abn_validator" name="test_invalid_abns" time="0.005" /><testcase classname="tests.test_abn_validator" name="test_normalize" time="0.006" /><testcase classname="tests.test_abn_validator" name="test_storage_abn" time="0.005" /><testcase classname="tests.test_abn_validator" name="test_spaces_valid" time="0.005" /><testcase classname="tests.test_account_mapper" name="test_atlassian_maps_to_software_subscription" time="0.076" /><testcase classname="tests.test_account_mapper" name="test_aws_maps_to_cloud_hosting" time="0.034" /><testcase classname="tests.test_account_mapper" name="test_po_code_in_invoice_no_uses_purchase_rule" time="0.035" /><testcase classname="tests.test_account_mapper" name="test_unknown_vendor_uses_fallback" time="0.033" /><testcase classname="tests.test_account_mapper" name="test_tax_account_from_posting_defaults" time="0.040" /><testcase classname="tests.test_account_mapper" name="test_doc_number_series_maps_to_operating_expenses" time="0.038" /><testcase classname="tests.test_account_mapper" name="test_marketing_po_detail_includes_rule_type" time="0.036" /><testcase classname="tests.test_analyze_samples_api" name="test_analyze_samples_with_pdf" time="24.853" /><testcase classname="tests.test_approval_board_column" name="test_pre_classification_exception_review" time="0.005" /><testcase classname="tests.test_approval_board_column" name="test_post_classification_exception_processing" time="0.005" /><testcase classname="tests.test_approval_board_column" name="test_pipeline_processing" time="0.006" /><testcase classname="tests.test_approval_board_column" name="test_processed_approved" time="0.005" /><testcase classname="tests.test_approval_board_column" name="test_rejected_column" time="0.004" /><testcase classname="tests.test_approval_reject" name="test_build_rejected_blob_name" time="0.007" /><testcase classname="tests.test_approval_reject" name="test_reject_moves_file_and_sets_status" time="0.314"><failure message="AssertionError: assert 'Testing/Unrouted/Bad Co/2026/May' in 'C:/Users/VISHN/AppData/Local/Temp/pytest-of-VISHN/pytest-594/test_reject_moves_file_and_set0/uploads/tenants/550e8400-e29b-41d4-a716-446655440001/rejected/Unrouted/Bad Co/2026/May/INV-001_2026-05-04_id1.pdf'&#10; +  where 'C:/Users/VISHN/AppData/Local/Temp/pytest-of-VISHN/pytest-594/test_reject_moves_file_and_set0/uploads/tenants/550e8400-e29b-41d4-a716-446655440001/rejected/Unrouted/Bad Co/2026/May/INV-001_2026-05-04_id1.pdf' = &lt;built-in method replace of str object at 0x0000024785A8A560&gt;('\\', '/')&#10; +    where &lt;built-in method replace of str object at 0x0000024785A8A560&gt; = 'C:\\Users\\VISHN\\AppData\\Local\\Temp\\pytest-of-VISHN\\pytest-594\\test_reject_moves_file_and_set0\\uploads\\tenants\\550e8400-e29b-41d4-a716-446655440001\\rejected\\Unrouted\\Bad Co\\2026\\May\\INV-001_2026-05-04_id1.pdf'.replace">E   AssertionError: assert 'Testing/Unrouted/Bad Co/2026/May' in 'C:/Users/VISHN/AppData/Local/Temp/pytest-of-VISHN/pytest-594/test_reject_moves_file_and_set0/uploads/tenants/550e8400-e29b-41d4-a716-446655440001/rejected/Unrouted/Bad Co/2026/May/INV-001_2026-05-04_id1.pdf'
     +  where 'C:/Users/VISHN/AppData/Local/Temp/pytest-of-VISHN/pytest-594/test_reject_moves_file_and_set0/uploads/tenants/550e8400-e29b-41d4-a716-446655440001/rejected/Unrouted/Bad Co/2026/May/INV-001_2026-05-04_id1.pdf' = &lt;built-in method replace of str object at 0x0000024785A8A560&gt;('\\', '/')
     +    where &lt;built-in method replace of str object at 0x0000024785A8A560&gt; = 'C:\\Users\\VISHN\\AppData\\Local\\Temp\\pytest-of-VISHN\\pytest-594\\test_reject_moves_file_and_set0\\uploads\\tenants\\550e8400-e29b-41d4-a716-446655440001\\rejected\\Unrouted\\Bad Co\\2026\\May\\INV-001_2026-05-04_id1.pdf'.replace</failure></testcase><testcase classname="tests.test_approval_reject" name="test_reject_processed_clears_journal_entries" time="0.289" /><testcase classname="tests.test_approval_reject" name="test_reject_processed_invoice" time="0.251" /><testcase classname="tests.test_approval_reject" name="test_reject_skips_relocate_when_file_already_in_rejected" time="0.279" /><testcase classname="tests.test_approval_reject" name="test_approvals_board_returns_queue_pipeline_and_processed" time="0.206" /><testcase classname="tests.test_approval_reject" name="test_reject_requires_rejectable_status" time="0.166" /><testcase classname="tests.test_approval_reject" name="test_approve_from_rejected_restores_vault_path" time="0.247"><failure message="assert 400 == 200&#10; +  where 400 = &lt;Response [400 Bad Request]&gt;.status_code">E   assert 400 == 200
     +  where 400 = &lt;Response [400 Bad Request]&gt;.status_code</failure></testcase><testcase classname="tests.test_approval_reject" name="test_permanently_delete_rejected_invoice" time="0.213" /><testcase classname="tests.test_approval_reject" name="test_permanent_delete_rejects_non_rejected_status" time="6.093" /><testcase classname="tests.test_approval_reject" name="test_permanent_delete_processed_with_rejected_blob" time="0.272" /><testcase classname="tests.test_architecture_eval" name="test_is_plausible_po_reference_rejects_ocr_junk" time="0.004" /><testcase classname="tests.test_architecture_eval" name="test_category_rules_use_priority_first_match_wins" time="0.004" /><testcase classname="tests.test_architecture_eval" name="test_gl_cascade_expense_before_team" time="0.028" /><testcase classname="tests.test_architecture_eval" name="test_routing_expense_before_team_without_email" time="0.028" /><testcase classname="tests.test_audit_change_summary" name="test_rule_book_updated_modified_rule" time="0.003" /><testcase classname="tests.test_audit_change_summary" name="test_rule_book_updated_rule_added" time="0.002" /><testcase classname="tests.test_audit_change_summary" name="test_unmatched_expense_vendor_summary" time="0.005" /><testcase classname="tests.test_audit_change_summary" name="test_purchase_invoice_sync_summary" time="0.004" /><testcase classname="tests.test_audit_change_summary" name="test_reconciliation_skipped_summary" time="0.003" /><testcase classname="tests.test_audit_change_summary" name="test_email_moved_summary" time="0.003" /><testcase classname="tests.test_audit_change_summary" name="test_ingest_capture_summary" time="0.005" /><testcase classname="tests.test_audit_change_summary" name="test_duplicate_skipped_summary" time="0.004" /><testcase classname="tests.test_audit_change_summary" name="test_duplicate_in_progress_summary" time="0.004" /><testcase classname="tests.test_audit_change_summary" name="test_validation_failed_from_invoice_results" time="0.006" /><testcase classname="tests.test_audit_export_api" name="test_excel_hyperlink_wraps_url_with_label" time="0.004" /><testcase classname="tests.test_audit_export_api" name="test_excel_hyperlinks_joined_stacks_multiple_links" time="0.004" /><testcase classname="tests.test_audit_export_api" name="test_format_audit_timestamp_utc" time="0.004" /><testcase classname="tests.test_audit_export_api" name="test_flatten_audit_detail_extracts_common_fields" time="0.004" /><testcase classname="tests.test_audit_export_api" name="test_audit_rows_to_csv_column_order_and_flattening" time="0.027" /><testcase classname="tests.test_audit_export_api" name="test_reconciliation_skipped_clears_hold_reason" time="0.006" /><testcase classname="tests.test_audit_export_api" name="test_email_moved_clears_hold_reason" time="0.009" /><testcase classname="tests.test_audit_export_api" name="test_purchase_sync_enriches_vendor_and_amount_from_invoice" time="0.036" /><testcase classname="tests.test_audit_export_api" name="test_vault_view_path_full_url_from_public_app_url" time="0.027" /><testcase classname="tests.test_audit_export_api" name="test_vault_view_path_staging_base_path" time="0.030" /><testcase classname="tests.test_audit_export_api" name="test_resolve_public_app_base_from_oauth_return_url" time="0.023" /><testcase classname="tests.test_audit_export_api" name="test_flatten_enriches_from_invoice" time="0.003" /><testcase classname="tests.test_audit_export_api" name="test_dedupe_high_churn_audit_rows_keeps_latest" time="0.005" /><testcase classname="tests.test_audit_export_api" name="test_flatten_prefers_point_in_time_status_from_detail" time="0.005" /><testcase classname="tests.test_audit_export_api" name="test_pipeline_error_truncates_xml_in_hold_reason_and_summary" time="0.004" /><testcase classname="tests.test_audit_export_api" name="test_truncate_audit_error_extracts_error_code" time="0.004" /><testcase classname="tests.test_audit_export_api" name="test_dedupe_parse_completed_keeps_latest" time="0.006" /><testcase classname="tests.test_audit_export_api" name="test_purchase_vault_links_for_po_resolves_three_documents" time="0.036" /><testcase classname="tests.test_audit_export_api" name="test_three_way_match_csv_includes_all_vault_urls" time="0.046" /><testcase classname="tests.test_audit_export_api" name="test_purchase_sync_summary_includes_match_status" time="0.007" /><testcase classname="tests.test_audit_export_api" name="test_parse_completed_summary" time="0.005" /><testcase classname="tests.test_audit_export_api" name="test_audit_export_csv" time="0.209" /><testcase classname="tests.test_audit_export_api" name="test_audit_export_linked_docs_column" time="0.186" /><testcase classname="tests.test_auth_api" name="test_register_and_login" time="20.704" /><testcase classname="tests.test_auth_api" name="test_register_closed_after_first_user" time="0.500" /><testcase classname="tests.test_auth_api" name="test_register_bootstrap_existing_default_org" time="0.540" /><testcase classname="tests.test_auth_deps" name="test_context_from_token_uses_jwt_tenant_slug" time="0.550" /><testcase classname="tests.test_auth_deps" name="test_context_from_token_default_tenant_slug" time="0.414" /><testcase classname="tests.test_azure_env" name="test_normalize_database_url_asyncpg_ssl" time="0.006" /><testcase classname="tests.test_azure_env" name="test_build_postgres_url_encodes_password" time="0.004" /><testcase classname="tests.test_azure_env" name="test_build_redis_url_encodes_trailing_equals" time="0.003" /><testcase classname="tests.test_azure_env" name="test_normalize_redis_url_reencodes_password" time="0.003" /><testcase classname="tests.test_azure_env" name="test_celery_redis_ssl_options_for_rediss" time="0.004" /><testcase classname="tests.test_azure_env" name="test_celery_redis_ssl_options_skips_plain_redis" time="0.002" /><testcase classname="tests.test_azure_env" name="test_is_ipv4_address" time="0.002" /><testcase classname="tests.test_azure_env" name="test_resolve_host_with_fallback_uses_nslookup" time="0.003" /><testcase classname="tests.test_azure_env" name="test_install_azure_dns_fallback_patches_getaddrinfo" time="0.006" /><testcase classname="tests.test_azure_foundry_vision" name="test_document_ai_provider_from_config_accepts_foundry_aliases" time="0.003" /><testcase classname="tests.test_azure_foundry_vision" name="test_default_document_ai_provider_from_env" time="0.015" /><testcase classname="tests.test_azure_foundry_vision" name="test_foundry_classify_only_routes_to_client" time="0.007" /><testcase classname="tests.test_bundle_vendor_service" name="test_resolve_canonical_vendor_prefers_master_abn" time="0.003" /><testcase classname="tests.test_bundle_vendor_service" name="test_vendors_align_to_same_master_fuzzy" time="0.005" /><testcase classname="tests.test_bundle_vendor_service" name="test_grn_inherits_po_vendor_over_wrong_ocr" time="0.237"><failure message="TypeError: test_grn_inherits_po_vendor_over_wrong_ocr.&lt;locals&gt;.&lt;lambda&gt;() takes 1 positional argument but 2 were given">E   TypeError: test_grn_inherits_po_vendor_over_wrong_ocr.&lt;locals&gt;.&lt;lambda&gt;() takes 1 positional argument but 2 were given</failure></testcase><testcase classname="tests.test_bundle_vendor_service" name="test_commercial_invoice_aligns_to_po_master" time="0.219"><failure message="TypeError: test_commercial_invoice_aligns_to_po_master.&lt;locals&gt;.&lt;lambda&gt;() takes 1 positional argument but 2 were given">E   TypeError: test_commercial_invoice_aligns_to_po_master.&lt;locals&gt;.&lt;lambda&gt;() takes 1 positional argument but 2 were given</failure></testcase><testcase classname="tests.test_chart_of_accounts_api" name="test_chart_of_accounts_round_trip" time="0.177" /><testcase classname="tests.test_chart_of_accounts_api" name="test_resolve_category_uses_tenant_chart_of_accounts" time="0.006" /><testcase classname="tests.test_classification_compare" name="test_policy_scorer_picks_dt_with_more_fields" time="0.005" /><testcase classname="tests.test_classification_compare" name="test_compare_mismatch_goes_to_review" time="0.034" /><testcase classname="tests.test_classification_compare" name="test_compare_llm_invalid" time="0.016" /><testcase classname="tests.test_classification_drift" name="test_resolve_vendor_learning_key_prefers_slug" time="0.002" /><testcase classname="tests.test_classification_drift" name="test_evaluate_vendor_drift_detects_drop" time="0.026" /><testcase classname="tests.test_classification_drift" name="test_evaluate_vendor_drift_ignored_with_few_samples" time="0.014" /><testcase classname="tests.test_classification_drift" name="test_few_shot_examples_prefer_vendor_templates" time="0.184" /><testcase classname="tests.test_classification_drift" name="test_vendor_classification_baseline" time="0.167" /><testcase classname="tests.test_classification_drift" name="test_pipeline_vendor_drift_flags_needs_review" time="4.508"><failure message="AssertionError: assert 'awaiting_classification' == 'needs_review'&#10;  &#10;  - needs_review&#10;  + awaiting_classification">E   AssertionError: assert 'awaiting_classification' == 'needs_review'
      
      - needs_review
      + awaiting_classification</failure></testcase><testcase classname="tests.test_classification_learning_rls" name="test_few_shot_examples_scoped_to_tenant" time="0.241" /><testcase classname="tests.test_classification_learning_rls" name="test_few_shot_examples_include_rich_context" time="0.131" /><testcase classname="tests.test_classification_learning_rls" name="test_record_learning_from_resolution_merges_invoice_text" time="0.225" /><testcase classname="tests.test_classification_learning_rls" name="test_purge_learning_events_for_deleted_document_type" time="0.193" /><testcase classname="tests.test_classification_learning_rls" name="test_few_shot_examples_skip_removed_catalogue_codes" time="0.176" /><testcase classname="tests.test_classification_learning_rls" name="test_rls_hides_other_tenant_learning_events" time="0.129"><skipped type="pytest.skip" message="PostgreSQL RLS is not active on SQLite test database">C:\Users\VISHN\OneDrive\Desktop\Email_to_Acc_proj\backend\tests\test_classification_learning_rls.py:189: PostgreSQL RLS is not active on SQLite test database</skipped></testcase><testcase classname="tests.test_classification_review_api" name="test_classification_review_route_not_int_path" time="0.168" /><testcase classname="tests.test_classification_review_api" name="test_classification_review_returns_queued_invoice" time="0.165" /><testcase classname="tests.test_classifier_catalogue_compiler" name="test_compile_recognition_rules_text" time="0.003" /><testcase classname="tests.test_classifier_catalogue_compiler" name="test_compile_catalogue_recognition_merges_hint" time="0.004" /><testcase classname="tests.test_classify_me_gate" name="test_classify_gate_blocks_extraction" time="4.373" /><testcase classname="tests.test_classify_me_gate" name="test_classify_gate_85_passes_to_extract" time="4.376"><failure message="assert False is True">E   assert False is True</failure></testcase><testcase classname="tests.test_classify_me_gate" name="test_compare_skips_extraction_gap_pre_extract" time="0.034" /><testcase classname="tests.test_classify_me_gate" name="test_gemini_provider_classify_only" time="0.018" /><testcase classname="tests.test_classify_me_gate" name="test_custom_type_classifier_mismatch_blocks_auto_route" time="4.579" /><testcase classname="tests.test_classify_me_gate" name="test_gemini_ocr_read_does_not_classify" time="0.043" /><testcase classname="tests.test_classify_me_gate" name="test_ai_provider_rule_book_roundtrip" time="0.040"><failure message="AssertionError: assert 'azure_foundry_vision' == 'azure_di'&#10;  &#10;  - azure_di&#10;  + azure_foundry_vision">E   AssertionError: assert 'azure_foundry_vision' == 'azure_di'
      
      - azure_di
      + azure_foundry_vision</failure></testcase><testcase classname="tests.test_contract_classification" name="test_contract_heading_detected_for_spot_purchase_title" time="0.006" /><testcase classname="tests.test_contract_classification" name="test_grn_classifier_does_not_match_contract_without_grn_signals" time="0.010" /><testcase classname="tests.test_contract_classification" name="test_contract_classifies_to_dt04_for_upload_whatsapp_and_email" time="0.015" /><testcase classname="tests.test_contract_classification" name="test_sanitize_condition_group_drops_empty_or_branch" time="0.013" /><testcase classname="tests.test_currency" name="test_convert_to_base_usd" time="0.008" /><testcase classname="tests.test_currency" name="test_sum_amounts_by_currency_mixed" time="0.009" /><testcase classname="tests.test_custom_validation" name="test_custom_rule_field_present_passes" time="0.007" /><testcase classname="tests.test_custom_validation" name="test_custom_rule_contains_fails" time="0.006" /><testcase classname="tests.test_custom_validation" name="test_universal_duplicate_always_runs" time="0.218" /><testcase classname="tests.test_dashboard_api" name="test_dashboard_badges_empty" time="0.228" /><testcase classname="tests.test_dashboard_api" name="test_dashboard_stats_empty" time="0.266" /><testcase classname="tests.test_dashboard_api" name="test_dashboard_overview" time="0.285" /><testcase classname="tests.test_dashboard_api" name="test_dashboard_activity_includes_duplicate" time="0.329" /><testcase classname="tests.test_dashboard_api" name="test_pending_approval_count" time="0.218" /><testcase classname="tests.test_dashboard_api" name="test_total_value_counts_processed_only" time="0.386" /><testcase classname="tests.test_dashboard_api" name="test_reject_processed_updates_dashboard_value" time="0.492" /><testcase classname="tests.test_dashboard_api" name="test_nav_badges_team_expenses_and_payments" time="0.376" /><testcase classname="tests.test_dashboard_api" name="test_docs_via_upload_counts_non_email_sources" time="0.292" /><testcase classname="tests.test_dashboard_api" name="test_dashboard_anomalies_include_rule_book_routing" time="0.339" /><testcase classname="tests.test_database_session" name="test_get_db_commits_after_flush_only_changes" time="0.030" /><testcase classname="tests.test_document_classifier_fields" name="test_classifier_context_amounts_and_dates" time="0.009" /><testcase classname="tests.test_document_classifier_fields" name="test_classifier_context_custom_extracted_field" time="0.006" /><testcase classname="tests.test_document_duplicate" name="test_evaluate_file_hash_duplicate[pending-skip_in_progress]" time="0.006" /><testcase classname="tests.test_document_duplicate" name="test_evaluate_file_hash_duplicate[processed-shadow_duplicate]" time="0.006" /><testcase classname="tests.test_document_duplicate" name="test_evaluate_file_hash_duplicate[rejected-reingest_rejected]" time="0.004" /><testcase classname="tests.test_document_duplicate" name="test_evaluate_file_hash_duplicate[duplicate_skipped-skip_logged]" time="0.008" /><testcase classname="tests.test_document_duplicate" name="test_email_duplicate_preserves_processed_invoice" time="0.281" /><testcase classname="tests.test_document_duplicate" name="test_email_duplicate_in_progress_logs_without_second_row" time="0.342" /><testcase classname="tests.test_document_duplicate" name="test_vr02_ignores_rejected_invoice" time="0.234" /><testcase classname="tests.test_document_duplicate" name="test_pipeline_stages_show_duplicate_skipped" time="0.109" /><testcase classname="tests.test_document_heading_utils" name="test_extract_standalone_tax_invoice_heading" time="0.003" /><testcase classname="tests.test_document_heading_utils" name="test_extract_purchase_order_heading" time="0.004" /><testcase classname="tests.test_document_heading_utils" name="test_trailing_title_on_vendor_line" time="0.005" /><testcase classname="tests.test_document_heading_utils" name="test_heading_alignment_grn_dt03" time="0.003" /><testcase classname="tests.test_document_heading_utils" name="test_heading_alignment_contract_penalises_invoice_header" time="0.003" /><testcase classname="tests.test_document_heading_utils" name="test_heading_alignment_neutral_when_no_heading" time="0.006" /><testcase classname="tests.test_document_heading_utils" name="test_heading_alignment_cargo_clearance_permit_dt03" time="0.004" /><testcase classname="tests.test_document_heading_utils" name="test_infer_import_logistics_page_kinds" time="0.003" /><testcase classname="tests.test_document_layout_service" name="test_parse_layout_result_maps_paragraphs_and_kv" time="0.018" /><testcase classname="tests.test_document_layout_service" name="test_extract_heading_from_layout_prefers_title_block" time="0.005" /><testcase classname="tests.test_document_layout_service" name="test_extract_key_value_fields_from_layout" time="0.005" /><testcase classname="tests.test_document_layout_service" name="test_infer_doc_family_hint_po" time="0.004" /><testcase classname="tests.test_document_layout_service" name="test_extract_line_items_from_table" time="0.004" /><testcase classname="tests.test_document_ref_service" name="test_tenant_advisory_lock_key_fits_int32" time="0.005" /><testcase classname="tests.test_document_ref_service" name="test_assign_document_ref_increments_per_org" time="0.186" /><testcase classname="tests.test_document_ref_service" name="test_next_document_ref_ignores_deleted_gaps" time="0.259" /><testcase classname="tests.test_document_ref_service" name="test_display_document_ref_prefers_assigned_value" time="0.019" /><testcase classname="tests.test_document_ref_service" name="test_dossier_public_id_uses_assigned_ref" time="0.006" /><testcase classname="tests.test_document_ref_service" name="test_dossier_public_id_fallback_uses_invoice_id" time="0.007" /><testcase classname="tests.test_document_ref_service" name="test_parse_dossier_id_token" time="0.006" /><testcase classname="tests.test_document_text" name="test_sanitize_postgres_text_strips_nul_bytes" time="0.003" /><testcase classname="tests.test_document_text" name="test_cap_document_text_strips_nul_bytes" time="0.008" /><testcase classname="tests.test_document_type_conflicts" name="test_detect_contract_heading_with_invoice_fields" time="0.006" /><testcase classname="tests.test_document_type_conflicts" name="test_conflict_penalty_caps_at_max" time="0.005" /><testcase classname="tests.test_document_type_lifecycle" name="test_remove_document_type_drops_row" time="0.004" /><testcase classname="tests.test_document_type_lifecycle" name="test_remove_document_type_scrubs_bundle_mandatory" time="0.004" /><testcase classname="tests.test_document_type_lifecycle" name="test_remove_document_type_clears_unclassified_pointer" time="0.003" /><testcase classname="tests.test_document_type_lifecycle" name="test_remove_missing_document_type_raises" time="0.007" /><testcase classname="tests.test_document_type_match_service" name="test_resolve_match_mode_from_definition" time="0.004" /><testcase classname="tests.test_document_type_match_service" name="test_is_clean_match_message_recognizes_modes" time="0.003" /><testcase classname="tests.test_document_type_match_service" name="test_two_way_match_clean" time="0.005" /><testcase classname="tests.test_document_type_match_service" name="test_two_way_match_qty_over_billing" time="0.008" /><testcase classname="tests.test_document_type_match_service" name="test_extract_reference_invoice_numbers_from_text" time="0.004" /><testcase classname="tests.test_document_type_match_service" name="test_reference_invoice_match_found" time="0.011" /><testcase classname="tests.test_document_type_match_service" name="test_shipment_match_with_awb" time="0.017" /><testcase classname="tests.test_document_type_match_service" name="test_three_way_still_requires_grn" time="0.046" /><testcase classname="tests.test_document_type_match_service" name="test_three_way_clean_with_grn" time="0.026" /><testcase classname="tests.test_document_type_playbook_profile" name="test_dt01_default_playbook_profile" time="0.019" /><testcase classname="tests.test_document_type_playbook_profile" name="test_dt01_empty_bundle_mandatory_is_user_only" time="0.005" /><testcase classname="tests.test_document_type_playbook_profile" name="test_dt03_direct_expense_profile" time="0.009" /><testcase classname="tests.test_document_type_playbook_profile" name="test_explicit_match_policy_override" time="0.004" /><testcase classname="tests.test_document_type_playbook_profile" name="test_playbook_review_skipped_when_bundle_not_enforced" time="0.014" /><testcase classname="tests.test_document_type_playbook_profile" name="test_direct_expense_approval_gate_holds_without_approval" time="0.012" /><testcase classname="tests.test_document_type_playbook_profile" name="test_po_goods_touchless_passes_clean_match" time="0.011" /><testcase classname="tests.test_document_type_playbook_profile" name="test_backfill_playbook_profile_on_save" time="0.021" /><testcase classname="tests.test_document_type_playbook_service" name="test_split_bundle_items_dt_and_text" time="0.005" /><testcase classname="tests.test_document_type_playbook_service" name="test_is_dt_code" time="0.005" /><testcase classname="tests.test_document_type_playbook_service" name="test_extraction_maps_to_field_keys" time="0.003" /><testcase classname="tests.test_document_type_playbook_service" name="test_effective_extraction_fields_prefers_explicit_keys" time="0.003" /><testcase classname="tests.test_document_type_playbook_service" name="test_effective_required_fields_merges_extraction" time="0.007" /><testcase classname="tests.test_document_type_playbook_service" name="test_normalize_custom_extraction_field_key" time="0.003" /><testcase classname="tests.test_document_type_playbook_service" name="test_bundle_mandatory_normalizes_dt_codes" time="0.003" /><testcase classname="tests.test_document_type_playbook_service" name="test_bundle_conditional_keeps_advisory_text" time="0.006" /><testcase classname="tests.test_document_type_playbook_service" name="test_playbook_blocks_posting_when_bundle_missing" time="0.006" /><testcase classname="tests.test_document_type_playbook_service" name="test_evaluate_playbook_gates_no_po_reference" time="0.030" /><testcase classname="tests.test_document_type_playbook_service" name="test_routing_review_includes_playbook_gate" time="0.003" /><testcase classname="tests.test_document_type_rule_engine" name="test_config_classifier_vendor_contains" time="0.008" /><testcase classname="tests.test_document_type_rule_engine" name="test_classify_document_type_without_classifier_returns_unclassified" time="0.003" /><testcase classname="tests.test_document_type_validation" name="test_dt21_direct_expense_omits_abn_and_gst" time="0.369" /><testcase classname="tests.test_document_type_validation" name="test_reclassify_updates_document_type_from_fields" time="0.358"><failure message="assert False is True">E   assert False is True</failure></testcase><testcase classname="tests.test_document_type_validation" name="test_catalogue_present_no_classifier_match_returns_unclassified" time="0.054" /><testcase classname="tests.test_document_type_validation" name="test_dt16_matches_contract_body_without_filename" time="0.058" /><testcase classname="tests.test_dossier_approval_chain" name="test_human_detail_maps_audit_tokens" time="0.003" /><testcase classname="tests.test_dossier_approval_chain" name="test_human_policy_ref_hides_internal_slugs" time="0.005" /><testcase classname="tests.test_dossier_approval_chain" name="test_approval_chain_uses_plain_language" time="0.188" /><testcase classname="tests.test_dossier_linked_documents" name="test_standalone_unclassified_does_not_default_to_dt01" time="0.169" /><testcase classname="tests.test_dossier_linked_documents" name="test_standalone_classified_uses_invoice_document_type" time="0.167" /><testcase classname="tests.test_dossier_linked_documents" name="test_invoice_no_siblings_appended_to_linked_documents" time="0.330" /><testcase classname="tests.test_dossier_linked_documents" name="test_invoice_no_linked_docs_deduplicate_existing_bundle_member" time="0.276" /><testcase classname="tests.test_dossier_manual_links" name="test_manual_link_on_bundle_slot" time="0.164" /><testcase classname="tests.test_dossier_manual_links" name="test_ad_hoc_manual_link_appended" time="0.160" /><testcase classname="tests.test_dossier_manual_links" name="test_manual_link_api_round_trip" time="0.339" /><testcase classname="tests.test_dossier_manual_links" name="test_manual_link_does_not_change_po_reference" time="0.213" /><testcase classname="tests.test_dossier_pipeline" name="test_pipeline_always_twenty_stages" time="0.161" /><testcase classname="tests.test_dossier_pipeline" name="test_pipeline_processed_invoice_full_pass" time="0.173" /><testcase classname="tests.test_dossier_pipeline" name="test_pipeline_duplicate_blocks_downstream" time="0.168" /><testcase classname="tests.test_dossier_pipeline" name="test_pipeline_map_gl_without_audit_log" time="0.139" /><testcase classname="tests.test_dossier_pipeline" name="test_pipeline_classify_passes_after_human_resolve" time="0.030" /><testcase classname="tests.test_dossier_pipeline" name="test_pipeline_gate_passes_when_resolve_supersedes_stale_gate_fail" time="0.008" /><testcase classname="tests.test_dossier_pipeline" name="test_pipeline_unclassified_blocks_downstream" time="0.006" /><testcase classname="tests.test_dossier_pipeline" name="test_pipeline_extract_ignores_stale_parsing_failed_after_success" time="0.168" /><testcase classname="tests.test_dossiers_api" name="test_dossier_public_id_fallback" time="0.161" /><testcase classname="tests.test_dossiers_api" name="test_resolve_invoice_by_doc_id_fallback" time="0.166"><failure message="assert None is not None">E   assert None is not None</failure></testcase><testcase classname="tests.test_dossiers_api" name="test_pipeline_duplicate_fail" time="0.108" /><testcase classname="tests.test_dossiers_api" name="test_get_dossier_api" time="0.397"><failure message="AssertionError: assert 20 == 15&#10; +  where 20 = len([{'actor': None, 'at': '2026-06-29 16:52:40', 'blocked_reason': None, 'checks': [], ...}, {'actor': None, 'at': '2026-...blocked_reason': None, 'checks': [], ...}, {'actor': None, 'at': None, 'blocked_reason': None, 'checks': [], ...}, ...])">E   AssertionError: assert 20 == 15
     +  where 20 = len([{'actor': None, 'at': '2026-06-29 16:52:40', 'blocked_reason': None, 'checks': [], ...}, {'actor': None, 'at': '2026-...blocked_reason': None, 'checks': [], ...}, {'actor': None, 'at': None, 'blocked_reason': None, 'checks': [], ...}, ...])</failure></testcase><testcase classname="tests.test_dossiers_api" name="test_list_dossiers_api" time="0.345" /><testcase classname="tests.test_dossiers_api" name="test_resolve_invoice_for_dossier" time="0.185"><failure message="assert None is not None">E   assert None is not None</failure></testcase><testcase classname="tests.test_dt01_e2e_pipeline" name="test_dt01_po_grn_invoice_happy_path" time="40.842"><failure message="pymupdf.FileNotFoundError: no such file: 'azureblob:\invoices\tenants\550e8400-e29b-41d4-a716-446655440001\invoice\Unrouted\Unknown\Unknown\Unknown\PO_INV-001_undated_id1.pdf'">E   pymupdf.FileNotFoundError: no such file: 'azureblob:\invoices\tenants\550e8400-e29b-41d4-a716-446655440001\invoice\Unrouted\Unknown\Unknown\Unknown\PO_INV-001_undated_id1.pdf'</failure></testcase><testcase classname="tests.test_email_ingestion" name="test_poll_skipped_when_not_configured" time="0.014" /><testcase classname="tests.test_email_ingestion" name="test_list_unread_does_not_use_orderby" time="0.047" /><testcase classname="tests.test_email_ingestion" name="test_poll_parses_messages" time="0.008" /><testcase classname="tests.test_email_ingestion" name="test_filter_invoice_pdf" time="0.006" /><testcase classname="tests.test_email_ingestion" name="test_filter_invoice_image_and_docx" time="0.008" /><testcase classname="tests.test_employee_import" name="test_parse_register_csv_aliases" time="0.011" /><testcase classname="tests.test_employee_import" name="test_register_import_creates_and_updates" time="0.270"><failure message="AssertionError: assert 2 == 1&#10; +  where 2 = EmployeeImportResult(mode='register', dry_run=False, created=2, updated=0, skipped=0, errors=[], previews=[EmployeeImp...yeeImportRowPreview(row_number=3, email='alex@example.com', name='Alex Chen', action='create', detail='New employee')]).created">E   AssertionError: assert 2 == 1
     +  where 2 = EmployeeImportResult(mode='register', dry_run=False, created=2, updated=0, skipped=0, errors=[], previews=[EmployeeImp...yeeImportRowPreview(row_number=3, email='alex@example.com', name='Alex Chen', action='create', detail='New employee')]).created</failure></testcase><testcase classname="tests.test_employee_import" name="test_payment_import_requires_existing_employee" time="0.239"><failure message="AssertionError: assert 0 == 1&#10; +  where 0 = EmployeeImportResult(mode='payment', dry_run=False, created=0, updated=0, skipped=1, errors=[EmployeeImportRowError(ro...ber=2, email='pat@example.com', message='no employee found for this email — import register file first')], previews=[]).updated">E   AssertionError: assert 0 == 1
     +  where 0 = EmployeeImportResult(mode='payment', dry_run=False, created=0, updated=0, skipped=1, errors=[EmployeeImportRowError(ro...ber=2, email='pat@example.com', message='no employee found for this email — import register file first')], previews=[]).updated</failure></testcase><testcase classname="tests.test_employee_import" name="test_register_dry_run_no_persist" time="0.241" /><testcase classname="tests.test_employee_import" name="test_build_import_templates" time="0.132" /><testcase classname="tests.test_employee_import" name="test_parse_styled_register_template" time="0.065" /><testcase classname="tests.test_employee_import" name="test_employee_import_api" time="0.402" /><testcase classname="tests.test_evaluation_status_parse" name="test_parse_needs_rescan" time="0.011" /><testcase classname="tests.test_evaluation_status_parse" name="test_parse_awaiting_classification" time="0.008" /><testcase classname="tests.test_evaluation_status_parse" name="test_parse_unknown_falls_back_to_needs_review" time="0.011" /><testcase classname="tests.test_evaluation_status_parse" name="test_parse_none" time="0.008" /><testcase classname="tests.test_expense_vendor_policy" name="test_vendor_detection_high_confidence_no_flag" time="0.007" /><testcase classname="tests.test_expense_vendor_policy" name="test_vendor_detection_small_unknown_expense_unmatched" time="0.006" /><testcase classname="tests.test_expense_vendor_policy" name="test_vendor_detection_large_unknown_expense_pending" time="0.007" /><testcase classname="tests.test_expense_vendor_policy" name="test_vendor_detection_team_route_never_flags" time="0.009" /><testcase classname="tests.test_expense_vendor_policy" name="test_evaluate_routing_expense_small_unknown" time="0.034" /><testcase classname="tests.test_expense_vendor_policy" name="test_evaluate_routing_expense_large_unknown" time="0.029" /><testcase classname="tests.test_expense_vendor_policy" name="test_evaluate_routing_purchase_still_pending_vendor" time="0.025" /><testcase classname="tests.test_expense_vendor_policy" name="test_unmatched_expense_vendor_not_pipeline_held" time="0.393"><failure message="assert not True">E   assert not True</failure></testcase><testcase classname="tests.test_expense_vendor_policy" name="test_large_expense_unknown_still_held" time="0.283" /><testcase classname="tests.test_expense_vendor_policy" name="test_evaluate_routing_expense_matched_rule_auto_coded" time="0.021" /><testcase classname="tests.test_extended_validations" name="test_vr09_line_arithmetic_passes_within_tolerance" time="0.005" /><testcase classname="tests.test_extended_validations" name="test_vr09_line_arithmetic_fails_when_lines_do_not_sum" time="0.004" /><testcase classname="tests.test_extended_validations" name="test_vr10_requires_tax_invoice_for_large_taxable_supply" time="0.005" /><testcase classname="tests.test_extended_validations" name="test_vr10_passes_when_tax_invoice_stated" time="0.006" /><testcase classname="tests.test_extended_validations" name="test_vr11_rejects_future_invoice_date" time="0.005" /><testcase classname="tests.test_extended_validations" name="test_vr11_warns_on_old_invoice" time="0.007" /><testcase classname="tests.test_extended_validations" name="test_vr12_vendor_master_tax_id_mismatch" time="0.004" /><testcase classname="tests.test_extended_validations" name="test_vr12_vendor_master_ok" time="0.004" /><testcase classname="tests.test_extended_validations" name="test_vr16_freight_above_tolerance" time="0.007" /><testcase classname="tests.test_extraction_field_values" name="test_custom_extraction_field_keys_filters_canonical" time="0.003" /><testcase classname="tests.test_extraction_field_values" name="test_custom_extraction_field_keys_for_dt_scoped" time="0.004" /><testcase classname="tests.test_extraction_field_values" name="test_harvest_custom_fields_from_top_level_llm_raw" time="0.005" /><testcase classname="tests.test_extraction_field_values" name="test_enrich_parsed_from_ocr_fills_missing_invoice_no" time="0.009" /><testcase classname="tests.test_extraction_field_values" name="test_normalize_extracted_fields_map" time="0.003" /><testcase classname="tests.test_extraction_field_values" name="test_llm_result_maps_extracted_fields" time="0.006" /><testcase classname="tests.test_extraction_field_values" name="test_apply_parsed_extraction_fields_persists_on_invoice" time="0.006" /><testcase classname="tests.test_extraction_field_values" name="test_field_is_present_reads_custom_extracted_field" time="0.005" /><testcase classname="tests.test_field_extraction_confidence" name="test_grn_like_document_varied_scores" time="0.005" /><testcase classname="tests.test_field_extraction_confidence" name="test_vendor_not_penalized_by_vendor_match_confidence" time="0.004" /><testcase classname="tests.test_field_extraction_confidence" name="test_amount_mismatch_lowers_total" time="0.005" /><testcase classname="tests.test_finance_dt_policy_scorer" name="test_policy_scorer_uses_classifier_tree_when_configured" time="0.005" /><testcase classname="tests.test_finance_dt_policy_scorer" name="test_policy_scorer_accepts_heading_kind_parameter" time="0.004" /><testcase classname="tests.test_frontend_prep_api" name="test_list_tenants" time="0.266" /><testcase classname="tests.test_frontend_prep_api" name="test_get_settings" time="0.153" /><testcase classname="tests.test_frontend_prep_api" name="test_rule_book_config_get_put_roundtrip" time="6.473" /><testcase classname="tests.test_frontend_prep_api" name="test_rule_book_config_put_invalid_email_rule" time="0.218" /><testcase classname="tests.test_frontend_prep_api" name="test_document_matrix" time="0.143" /><testcase classname="tests.test_frontend_prep_api" name="test_document_matrix_flags_exception" time="0.153" /><testcase classname="tests.test_frontend_prep_api" name="test_list_invoices_vendor_and_date_filters" time="0.161" /><testcase classname="tests.test_frontend_prep_api" name="test_list_invoices_connected_mailbox_filter" time="0.146" /><testcase classname="tests.test_frontend_prep_api" name="test_toggle_mailbox_active_state" time="0.145" /><testcase classname="tests.test_frontend_prep_api" name="test_delete_mailbox_with_linked_invoices" time="4.906" /><testcase classname="tests.test_frontend_prep_api" name="test_download_invoice_file_local" time="0.142" /><testcase classname="tests.test_frontend_prep_api" name="test_delete_vendor" time="0.120" /><testcase classname="tests.test_frontend_prep_api" name="test_approvals_list_and_approve" time="0.137"><failure message="assert 400 == 200&#10; +  where 400 = &lt;Response [400 Bad Request]&gt;.status_code">E   assert 400 == 200
     +  where 400 = &lt;Response [400 Bad Request]&gt;.status_code</failure></testcase><testcase classname="tests.test_frontend_prep_api" name="test_approve_requires_stored_file" time="4.842"><failure message="AssertionError: assert 'no stored file' in 'cannot approve: missing required field(s): total, due date. save corrections for vendor, total, and due date before approving.'&#10; +  where 'cannot approve: missing required field(s): total, due date. save corrections for vendor, total, and due date before approving.' = &lt;built-in method lower of str object at 0x0000024788EA0450&gt;()&#10; +    where &lt;built-in method lower of str object at 0x0000024788EA0450&gt; = 'Cannot approve: missing required field(s): total, due date. Save corrections for vendor, total, and due date before approving.'.lower">E   AssertionError: assert 'no stored file' in 'cannot approve: missing required field(s): total, due date. save corrections for vendor, total, and due date before approving.'
     +  where 'cannot approve: missing required field(s): total, due date. save corrections for vendor, total, and due date before approving.' = &lt;built-in method lower of str object at 0x0000024788EA0450&gt;()
     +    where &lt;built-in method lower of str object at 0x0000024788EA0450&gt; = 'Cannot approve: missing required field(s): total, due date. Save corrections for vendor, total, and due date before approving.'.lower</failure></testcase><testcase classname="tests.test_frontend_prep_api" name="test_attach_then_approve" time="0.233"><failure message="assert 400 == 200&#10; +  where 400 = &lt;Response [400 Bad Request]&gt;.status_code">E   assert 400 == 200
     +  where 400 = &lt;Response [400 Bad Request]&gt;.status_code</failure></testcase><testcase classname="tests.test_frontend_prep_api" name="test_approve_rejects_processed" time="0.118" /><testcase classname="tests.test_fx_posting" name="test_usd_invoice_books_aud_ap_at_invoice_rate" time="0.018" /><testcase classname="tests.test_fx_posting" name="test_payment_fx_loss_when_spot_moves" time="0.005" /><testcase classname="tests.test_fx_posting" name="test_po_invoice_currency_mismatch_flagged" time="0.003" /><testcase classname="tests.test_fx_posting" name="test_grn_aud_does_not_block_usd_po_invoice_qty_match" time="0.003" /><testcase classname="tests.test_fx_posting" name="test_aud_invoice_unchanged" time="0.018" /><testcase classname="tests.test_fx_posting" name="test_document_to_functional_usd" time="0.005" /><testcase classname="tests.test_fx_posting" name="test_po_invoice_currency_match_ok" time="0.003" /><testcase classname="tests.test_graph_client" name="test_graph_request_accepts_empty_202" time="0.003" /><testcase classname="tests.test_graph_mail_folders" name="test_classify_all_processed" time="0.005" /><testcase classname="tests.test_graph_mail_folders" name="test_classify_exception_or_duplicate" time="0.003" /><testcase classname="tests.test_graph_mail_folders" name="test_finalize_preskip_moves_exception" time="0.130" /><testcase classname="tests.test_graph_mail_folders" name="test_move_falls_back_to_mark_read_when_disabled" time="0.006" /><testcase classname="tests.test_graph_mail_sender" name="test_graph_mail_send_configured_when_mailbox_set" time="0.021" /><testcase classname="tests.test_graph_mail_sender" name="test_send_invite_email_uses_graph_when_configured" time="0.016" /><testcase classname="tests.test_graph_mail_sender" name="test_send_graph_mail_returns_error_without_mailbox" time="0.022" /><testcase classname="tests.test_human_confirmed_classification" name="test_reprocess_honors_human_confirmed_dt" time="4.388" /><testcase classname="tests.test_image_quality_gate" name="test_image_quality_gate_rejects_sparse_ocr" time="0.041" /><testcase classname="tests.test_image_quality_gate" name="test_image_quality_gate_rejects_short_text" time="0.020" /><testcase classname="tests.test_image_quality_gate" name="test_field_confidence_gate_flags_low_gst" time="0.018" /><testcase classname="tests.test_image_quality_gate" name="test_pipeline_image_quality_blocks_classify" time="4.294" /><testcase classname="tests.test_image_quality_gate" name="test_pipeline_field_confidence_sets_needs_review" time="4.308"><failure message="AssertionError: assert None == 'Acme Pty Ltd'&#10; +  where None = &lt;app.models.invoice.Invoice object at 0x000002478A1F6410&gt;.vendor">E   AssertionError: assert None == 'Acme Pty Ltd'
     +  where None = &lt;app.models.invoice.Invoice object at 0x000002478A1F6410&gt;.vendor</failure></testcase><testcase classname="tests.test_inbox_field_wiring" name="test_list_invoices_exposes_inbox_columns" time="0.182" /><testcase classname="tests.test_inbox_field_wiring" name="test_evaluation_status_matches_vendor_confidence_rules" time="0.139" /><testcase classname="tests.test_inbox_field_wiring" name="test_team_expenses_never_vendor_flagged_at_zero_confidence" time="0.149" /><testcase classname="tests.test_inbox_field_wiring" name="test_validation_pass_rate_helper_matches_api_shape" time="0.003" /><testcase classname="tests.test_ingest_fanout_service" name="test_segment_upload_filename" time="0.004" /><testcase classname="tests.test_ingest_fanout_service" name="test_extract_pdf_page_range_bytes" time="0.105" /><testcase classname="tests.test_ingest_fanout_service" name="test_ingest_upload_single_pdf_unchanged" time="5.170" /><testcase classname="tests.test_ingest_fanout_service" name="test_ingest_upload_fanout_from_segmented_pdf" time="9.154" /><testcase classname="tests.test_ingest_fanout_service" name="test_upload_api_returns_segment_meta" time="6.064" /><testcase classname="tests.test_ingest_fanout_service" name="test_ingest_file_with_fanout_applies_source_metadata" time="2.170" /><testcase classname="tests.test_ingest_fanout_service" name="test_load_segment_heading_kind_from_pdf_segmented_audit" time="0.121" /><testcase classname="tests.test_inline_mailbox_poller" name="test_start_skipped_when_sync_processing_disabled" time="0.003" /><testcase classname="tests.test_inline_mailbox_poller" name="test_start_skipped_when_graph_disabled" time="0.005" /><testcase classname="tests.test_invoice_approval_fields" name="test_payable_fields_complete" time="0.016" /><testcase classname="tests.test_invoice_approval_fields" name="test_human_approved_payable_bypass" time="0.082" /><testcase classname="tests.test_invoice_approval_fields" name="test_approve_preserves_corrected_fields" time="3.729" /><testcase classname="tests.test_invoice_approval_fields" name="test_approve_requires_vendor_total_due_date" time="0.133" /><testcase classname="tests.test_invoice_approval_fields" name="test_patch_billing_address" time="0.212" /><testcase classname="tests.test_invoice_evaluation" name="test_evaluate_invoice_with_po_routes_to_purchase" time="0.161" /><testcase classname="tests.test_invoice_evaluation" name="test_apply_invoice_evaluation_persists_fields" time="0.147"><failure message="AssertionError: assert 'needs_review' == 'pending_vendor'&#10;  &#10;  - pending_vendor&#10;  + needs_review">E   AssertionError: assert 'needs_review' == 'pending_vendor'
      
      - pending_vendor
      + needs_review</failure></testcase><testcase classname="tests.test_invoice_evaluation" name="test_apply_invoice_evaluation_uses_db_vendor_master" time="0.115" /><testcase classname="tests.test_invoice_evaluation" name="test_list_invoices_filter_by_route_target" time="0.110" /><testcase classname="tests.test_invoice_evaluation" name="test_remap_updates_evaluation_fields" time="0.158" /><testcase classname="tests.test_invoices_api" name="test_list_empty" time="0.159" /><testcase classname="tests.test_invoices_api" name="test_get_invoice" time="4.991" /><testcase classname="tests.test_invoices_api" name="test_not_found" time="0.156" /><testcase classname="tests.test_invoices_api" name="test_filter_status" time="0.347" /><testcase classname="tests.test_invoices_api" name="test_patch_invoice_in_review_queue" time="0.161" /><testcase classname="tests.test_invoices_api" name="test_patch_invoice_rejects_processed" time="0.113" /><testcase classname="tests.test_journal_generator" name="test_balanced" time="0.014" /><testcase classname="tests.test_journal_generator" name="test_ap_credit" time="0.015" /><testcase classname="tests.test_llm_document_service" name="test_llm_result_accepts_valid_payload" time="0.003" /><testcase classname="tests.test_llm_document_service" name="test_llm_result_rejects_invalid_confidence" time="0.003" /><testcase classname="tests.test_llm_document_service" name="test_llm_result_normalizes_unknown_perspective" time="0.005" /><testcase classname="tests.test_llm_document_service" name="test_llm_result_coerces_empty_decimal_strings" time="0.003" /><testcase classname="tests.test_llm_document_service" name="test_llm_result_coerces_vendor_object" time="0.004" /><testcase classname="tests.test_mailbox_admin_consent" name="test_build_admin_consent_url_includes_tenant_client_and_scopes" time="0.023" /><testcase classname="tests.test_mailbox_admin_consent" name="test_admin_consent_url_endpoint_requires_admin" time="0.100" /><testcase classname="tests.test_mailbox_admin_consent" name="test_admin_consent_url_endpoint_returns_url" time="0.362" /><testcase classname="tests.test_mailbox_backfill" name="test_build_historical_inbox_filter" time="0.003" /><testcase classname="tests.test_mailbox_backfill" name="test_validate_backfill_dates_rejects_inverted_range" time="0.002" /><testcase classname="tests.test_mailbox_backfill" name="test_validate_backfill_dates_rejects_long_span" time="0.019" /><testcase classname="tests.test_mailbox_backfill" name="test_start_backfill_api" time="5.265" /><testcase classname="tests.test_mailbox_backfill" name="test_start_backfill_from_date_only_defaults_to_today" time="6.171" /><testcase classname="tests.test_mailbox_invite" name="test_invite_token_uuid_roundtrip" time="0.037" /><testcase classname="tests.test_mailbox_invite" name="test_create_mailbox_invite" time="0.386" /><testcase classname="tests.test_mailbox_invite" name="test_create_mailbox_invite_resends_when_pending" time="0.412"><failure message="AssertionError: assert 'http://localhost:5173/connect-mailbox?token=eyJhbGciOiJIUzI1NiIsInR5cCI6IkpXVCJ9.eyJ0eXAiOiJtYWlsYm94X2ludml0ZSIsInJl...jU1MGU4NDAwLWUyOWItNDFkNC1hNzE2LTQ0NjY1NTQ0MDAwMSIsImV4cCI6MTc4MzM1Njg4Mn0.29CowlY_PmBN8-10CNklvmjb69ynqudQJNCxz87J_O4' != 'http://localhost:5173/connect-mailbox?token=eyJhbGciOiJIUzI1NiIsInR5cCI6IkpXVCJ9.eyJ0eXAiOiJtYWlsYm94X2ludml0ZSIsInJl...jU1MGU4NDAwLWUyOWItNDFkNC1hNzE2LTQ0NjY1NTQ0MDAwMSIsImV4cCI6MTc4MzM1Njg4Mn0.29CowlY_PmBN8-10CNklvmjb69ynqudQJNCxz87J_O4'">E   AssertionError: assert 'http://localhost:5173/connect-mailbox?token=eyJhbGciOiJIUzI1NiIsInR5cCI6IkpXVCJ9.eyJ0eXAiOiJtYWlsYm94X2ludml0ZSIsInJl...jU1MGU4NDAwLWUyOWItNDFkNC1hNzE2LTQ0NjY1NTQ0MDAwMSIsImV4cCI6MTc4MzM1Njg4Mn0.29CowlY_PmBN8-10CNklvmjb69ynqudQJNCxz87J_O4' != 'http://localhost:5173/connect-mailbox?token=eyJhbGciOiJIUzI1NiIsInR5cCI6IkpXVCJ9.eyJ0eXAiOiJtYWlsYm94X2ludml0ZSIsInJl...jU1MGU4NDAwLWUyOWItNDFkNC1hNzE2LTQ0NjY1NTQ0MDAwMSIsImV4cCI6MTc4MzM1Njg4Mn0.29CowlY_PmBN8-10CNklvmjb69ynqudQJNCxz87J_O4'</failure></testcase><testcase classname="tests.test_mailbox_invite" name="test_preview_and_authorize_invite" time="0.421"><failure message="KeyError: 'org_id'">E   KeyError: 'org_id'</failure></testcase><testcase classname="tests.test_mailbox_invite" name="test_list_and_resend_mailbox_invites" time="0.469" /><testcase classname="tests.test_mailbox_invite" name="test_create_invite_succeeds_when_email_fails" time="0.478" /><testcase classname="tests.test_mailbox_invite" name="test_get_invite_link" time="0.444" /><testcase classname="tests.test_mailbox_invite" name="test_invite_oauth_error_redirects_to_connect_mailbox" time="0.441"><failure message="KeyError: 'org_id'">E   KeyError: 'org_id'</failure></testcase><testcase classname="tests.test_mailbox_invite" name="test_create_invite_requires_signed_in_admin" time="0.126" /><testcase classname="tests.test_mailbox_oauth" name="test_oauth_state_roundtrip" time="0.014" /><testcase classname="tests.test_mailbox_oauth" name="test_oauth_state_rejects_tampering" time="0.019" /><testcase classname="tests.test_mailbox_oauth" name="test_token_vault_roundtrip" time="0.029" /><testcase classname="tests.test_mailbox_oauth" name="test_resolve_delegated_access_token_uses_cached_access" time="0.017" /><testcase classname="tests.test_mailbox_oauth" name="test_complete_oauth_callback_rejects_invalid_user" time="0.145" /><testcase classname="tests.test_mailbox_oauth" name="test_mailbox_oauth_callback_sanitizes_internal_errors" time="0.253" /><testcase classname="tests.test_mailbox_oauth" name="test_mailbox_oauth_authorize_requires_auth" time="0.133" /><testcase classname="tests.test_mailbox_oauth" name="test_mailbox_oauth_authorize_returns_url" time="0.361" /><testcase classname="tests.test_mailbox_oauth" name="test_mailbox_oauth_callback_does_not_require_auth" time="0.232" /><testcase classname="tests.test_mailbox_oauth" name="test_direct_add_mailbox_blocked_when_oauth_configured" time="0.447" /><testcase classname="tests.test_mailbox_provider" name="test_detect_gmail_consumer" time="0.004" /><testcase classname="tests.test_mailbox_provider" name="test_detect_iitism_google_workspace" time="0.005" /><testcase classname="tests.test_mailbox_provider" name="test_detect_outlook_consumer" time="0.007" /><testcase classname="tests.test_mailbox_provider" name="test_detect_unknown_offers_both_providers" time="0.003" /><testcase classname="tests.test_mailbox_provider" name="test_resolve_invite_provider_prefers_explicit_choice" time="0.003" /><testcase classname="tests.test_management_audit_events" name="test_vr_te_results_include_receipt_present" time="0.002" /><testcase classname="tests.test_management_audit_events" name="test_validation_audit_detail_team_and_expense_routes" time="0.005" /><testcase classname="tests.test_management_audit_events" name="test_compute_three_way_audit_status" time="0.003" /><testcase classname="tests.test_management_audit_events" name="test_persist_three_way_match_audit_writes_event" time="0.108" /><testcase classname="tests.test_management_audit_events" name="test_persist_three_way_match_audit_on_sync_logs_when_unchanged" time="0.116" /><testcase classname="tests.test_management_audit_events" name="test_unmatched_team_vendor_audit" time="0.145" /><testcase classname="tests.test_management_audit_events" name="test_team_expense_auto_approved_audit" time="0.167" /><testcase classname="tests.test_master_data_api" name="test_vendor_master_crud" time="0.165" /><testcase classname="tests.test_master_data_api" name="test_vendor_master_normalizes_formatted_abn" time="0.140" /><testcase classname="tests.test_master_data_api" name="test_employee_master_crud" time="0.207" /><testcase classname="tests.test_master_data_api" name="test_pending_vendor_promote" time="0.174" /><testcase classname="tests.test_master_data_api" name="test_rule_book_put_ignores_embedded_masters" time="6.075" /><testcase classname="tests.test_matrix_pipeline_cells" name="test_matrix_cells_duplicate_skipped_received_done_parsed_fail" time="0.007" /><testcase classname="tests.test_matrix_pipeline_cells" name="test_matrix_cells_rejected_parsed_fail" time="0.005" /><testcase classname="tests.test_matrix_pipeline_cells" name="test_derive_matrix_flag_awaiting_classification" time="0.004" /><testcase classname="tests.test_matrix_pipeline_cells" name="test_derive_matrix_payment_on_hold_for_needs_rescan" time="0.005" /><testcase classname="tests.test_matrix_service" name="test_derive_matrix_flag_exception" time="0.003" /><testcase classname="tests.test_matrix_service" name="test_derive_matrix_payment_status_paid" time="0.002" /><testcase classname="tests.test_matrix_service" name="test_derive_matrix_payment_status_on_hold" time="0.002" /><testcase classname="tests.test_membership_enumeration" name="test_client_tenant_always_switchable" time="0.002" /><testcase classname="tests.test_membership_enumeration" name="test_platform_tenant_only_for_super_admin" time="0.004" /><testcase classname="tests.test_membership_enumeration" name="test_platform_shadow_membership_not_switchable" time="0.003" /><testcase classname="tests.test_membership_enumeration" name="test_filter_drops_stray_platform_memberships" time="0.002" /><testcase classname="tests.test_org_ai_brief_api" name="test_org_ai_brief_round_trip" time="0.135" /><testcase classname="tests.test_org_context_llm_payload" name="test_build_llm_user_payload_includes_org_brief" time="0.003" /><testcase classname="tests.test_org_context_llm_payload" name="test_build_classify_system_prompt_includes_role_and_guidance" time="0.003" /><testcase classname="tests.test_org_context_llm_payload" name="test_build_extract_system_prompt_omits_extraction_guidance" time="0.003" /><testcase classname="tests.test_org_context_llm_payload" name="test_infer_perspective_buyer_default_when_unknown" time="0.003" /><testcase classname="tests.test_org_context_llm_payload" name="test_infer_perspective_mixed_stays_unknown_without_party_match" time="0.002" /><testcase classname="tests.test_organisations" name="test_list_tenants_and_switch_denied_for_extra_org" time="0.488" /><testcase classname="tests.test_payment_approve" name="test_approve_payment_from_awaiting" time="0.159" /><testcase classname="tests.test_payment_approve" name="test_approve_payment_idempotent_when_scheduled" time="0.144" /><testcase classname="tests.test_payment_approve" name="test_approve_payment_rejects_queue" time="0.167" /><testcase classname="tests.test_payment_execution_instruction" name="test_authorized_approver_creates_instruction" time="0.139" /><testcase classname="tests.test_payment_execution_instruction" name="test_unauthorized_role_blocked" time="0.134" /><testcase classname="tests.test_payment_execution_instruction" name="test_over_limit_payment_blocked" time="0.127" /><testcase classname="tests.test_payment_execution_instruction" name="test_missing_vendor_payout_method_blocked" time="0.112" /><testcase classname="tests.test_payment_execution_instruction" name="test_tenant_disabled_blocked" time="0.137" /><testcase classname="tests.test_payment_execution_instruction" name="test_mark_paid_requires_reference_proof_and_paid_date" time="0.153" /><testcase classname="tests.test_payment_execution_instruction" name="test_no_duplicate_instruction" time="0.133" /><testcase classname="tests.test_pdf_parser" name="test_parse_text_fields_extracts_core_fields" time="0.005" /><testcase classname="tests.test_pdf_parser" name="test_local_parse_confident_when_complete" time="0.003" /><testcase classname="tests.test_pdf_parser" name="test_local_parse_not_confident_when_missing_fields" time="0.003" /><testcase classname="tests.test_pdf_parser" name="test_should_use_di_when_text_too_short" time="0.014" /><testcase classname="tests.test_pdf_parser" name="test_parse_invoice_local_only_without_di" time="0.018" /><testcase classname="tests.test_pdf_parser" name="test_parse_invoice_for_sample_uses_di_when_enabled" time="0.019" /><testcase classname="tests.test_pdf_parser" name="test_parse_invoice_for_sample_falls_back_to_local_when_di_unavailable" time="0.008" /><testcase classname="tests.test_pdf_parser" name="test_parse_invoice_for_sample_uses_read_ocr_when_invoice_di_fails" time="0.021" /><testcase classname="tests.test_pdf_parser" name="test_sample_parse_confident_for_po_layout_hint" time="0.003" /><testcase classname="tests.test_pdf_parser" name="test_sample_parse_confident_for_invoice" time="0.003" /><testcase classname="tests.test_pdf_parser" name="test_parse_po_document_fields" time="0.006" /><testcase classname="tests.test_pdf_parser" name="test_parse_grn_document_fields" time="0.003"><failure message="KeyError: 'vendor'">E   KeyError: 'vendor'</failure></testcase><testcase classname="tests.test_pdf_parser" name="test_parse_invoice_uses_di_fallback" time="0.024" /><testcase classname="tests.test_pdf_parser" name="test_parse_azure_invoice_vendor_from_header" time="0.004" /><testcase classname="tests.test_pdf_parser" name="test_rejects_payment_footer_as_vendor_name" time="0.003" /><testcase classname="tests.test_pdf_parser" name="test_pick_best_vendor_prefers_plausible_local_over_di_footer" time="0.003" /><testcase classname="tests.test_pdf_parser" name="test_dedupe_repeated_vendor_name" time="0.005" /><testcase classname="tests.test_pdf_parser" name="test_godaddy_receipt_abn_not_captured_as_gst" time="0.003" /><testcase classname="tests.test_pdf_parser" name="test_plausible_money_rejects_abn_sized_values" time="0.002" /><testcase classname="tests.test_pdf_parser" name="test_parse_acme_po_supplier_and_gstin" time="0.003" /><testcase classname="tests.test_pdf_parser" name="test_parse_acme_grn_supplier_not_label_junk" time="0.003" /><testcase classname="tests.test_pdf_parser" name="test_parse_acme_invoice_dedupes_bill_to_vendor" time="0.005" /><testcase classname="tests.test_pdf_parser" name="test_parse_acme_invoice_no_on_gstin_line" time="0.003" /><testcase classname="tests.test_pdf_parser" name="test_parse_acme_grn_qty_table_rows" time="0.002" /><testcase classname="tests.test_pdf_parser" name="test_parse_azure_invoice_merges_sane_vendor_over_di_footer" time="0.019" /><testcase classname="tests.test_pdf_segment_service" name="test_single_page_is_one_segment" time="0.005" /><testcase classname="tests.test_pdf_segment_service" name="test_multi_page_single_invoice_is_one_segment" time="0.003" /><testcase classname="tests.test_pdf_segment_service" name="test_po_grn_invoice_bundle_splits_three_ways" time="0.003" /><testcase classname="tests.test_pdf_segment_service" name="test_two_invoices_same_kind_split_on_invoice_number" time="0.003" /><testcase classname="tests.test_pdf_segment_service" name="test_purchase_document_type_from_heading" time="0.005" /><testcase classname="tests.test_pdf_segment_service" name="test_import_dossier_page_kinds_segment" time="0.004" /><testcase classname="tests.test_pending_vendor_queue" name="test_apply_invoice_evaluation_enqueues_pending_vendor" time="0.174" /><testcase classname="tests.test_pending_vendor_queue" name="test_vendor_hold_enqueues_missing_pending_vendor_row" time="0.183" /><testcase classname="tests.test_phase2_storage" name="test_slugify_vendor_name" time="0.005" /><testcase classname="tests.test_phase2_storage" name="test_is_plausible_vendor_name_rejects_boilerplate" time="0.003" /><testcase classname="tests.test_phase2_storage" name="test_is_valid_storage_slug" time="0.003" /><testcase classname="tests.test_phase2_storage" name="test_resolve_storage_slug_rejects_boilerplate" time="0.091" /><testcase classname="tests.test_phase2_storage" name="test_match_rule_book_vendor_name" time="0.004"><failure message="TypeError: match_rule_book_vendor_name() got an unexpected keyword argument 'tenant_id'">E   TypeError: match_rule_book_vendor_name() got an unexpected keyword argument 'tenant_id'</failure></testcase><testcase classname="tests.test_phase2_storage" name="test_resolve_storage_slug_rule_book_registry" time="0.160" /><testcase classname="tests.test_phase2_storage" name="test_resolve_vendor_slug_exact" time="0.076" /><testcase classname="tests.test_phase2_storage" name="test_resolve_vendor_slug_domain" time="0.092" /><testcase classname="tests.test_phase2_storage" name="test_resolve_vendor_slug_unknown" time="0.105" /><testcase classname="tests.test_phase2_storage" name="test_build_blob_name" time="0.003" /><testcase classname="tests.test_phase2_storage" name="test_stored_uri_roundtrip" time="0.020" /><testcase classname="tests.test_phase6_ingest" name="test_raw_email_to_sample_email_maps_fields" time="0.004" /><testcase classname="tests.test_phase6_ingest" name="test_evaluate_ingest_capture_matches_aws_rule" time="0.031" /><testcase classname="tests.test_phase6_ingest" name="test_apply_ingest_capture_records_ingest_rule_without_route" time="0.373" /><testcase classname="tests.test_phase6_ingest" name="test_ingest_email_attachments_does_not_set_early_route" time="2.015" /><testcase classname="tests.test_phase6_ingest" name="test_apply_invoice_evaluation_preserves_ingest_email_route" time="0.198" /><testcase classname="tests.test_phase6_ingest" name="test_apply_invoice_evaluation_preserves_email_route_over_po_reference" time="0.148" /><testcase classname="tests.test_phase6_ingest" name="test_team_expense_budget_validation_fails" time="0.116" /><testcase classname="tests.test_phase6_ingest" name="test_run_all_validations_skips_team_rules_for_purchase_route" time="0.171" /><testcase classname="tests.test_phase6_ingest" name="test_run_all_validations_includes_team_rules" time="0.132" /><testcase classname="tests.test_phase6_ingest" name="test_ingest_email_attachments_splits_mixed_bundle" time="0.270" /><testcase classname="tests.test_phase7_rule_book" name="test_expense_rule_wins_over_team_for_shared_vendor" time="0.021" /><testcase classname="tests.test_phase7_rule_book" name="test_team_expense_rule_maps_ledger" time="0.019" /><testcase classname="tests.test_phase7_rule_book" name="test_email_capture_respects_mailbox" time="0.003" /><testcase classname="tests.test_phase7_rule_book" name="test_ingest_capture_skips_wrong_mailbox" time="0.024" /><testcase classname="tests.test_phase7_rule_book" name="test_record_team_expense_processed_updates_mtd" time="0.118" /><testcase classname="tests.test_phase_a_pipeline" name="test_legacy_cascade_vendor_match" time="0.017" /><testcase classname="tests.test_phase_a_pipeline" name="test_legacy_cascade_po_code_match" time="0.018" /><testcase classname="tests.test_phase_a_pipeline" name="test_legacy_cascade_maps_before_suspense" time="0.026" /><testcase classname="tests.test_phase_a_pipeline" name="test_migrate_root_legacy_fields" time="0.026" /><testcase classname="tests.test_phase_a_pipeline" name="test_ingest_skips_email_without_capture_rule" time="0.271" /><testcase classname="tests.test_phase_a_pipeline" name="test_ingest_creates_invoice_when_capture_rule_matches" time="1.932" /><testcase classname="tests.test_phase_a_pipeline" name="test_upload_routing_from_category_rules_after_parse" time="0.160" /><testcase classname="tests.test_phase_b_masters" name="test_infer_capture_channel" time="0.005" /><testcase classname="tests.test_phase_b_masters" name="test_find_employee_by_whatsapp" time="0.003" /><testcase classname="tests.test_phase_b_masters" name="test_vr_te04_bank_required" time="0.003" /><testcase classname="tests.test_phase_b_masters" name="test_vr_te05_pending_verification_blocks" time="0.002" /><testcase classname="tests.test_phase_b_masters" name="test_team_vr_te03_waives_receipt_below_auto_approve" time="0.016" /><testcase classname="tests.test_phase_b_masters" name="test_team_manual_approval_required_above_auto_threshold" time="0.026" /><testcase classname="tests.test_phase_b_masters" name="test_has_manager_approval_with_duplicate_audit_rows" time="0.142" /><testcase classname="tests.test_phase_b_masters" name="test_team_expense_approval_gate_holds_large_claim" time="0.169" /><testcase classname="tests.test_phase_b_masters" name="test_vendor_hold_blocks_processing" time="0.127"><failure message="assert False">E   assert False</failure></testcase><testcase classname="tests.test_phase_b_masters" name="test_promote_pending_vendor_releases_held_invoice" time="0.186" /><testcase classname="tests.test_phase_b_masters" name="test_quarterly_budget_validation" time="0.132" /><testcase classname="tests.test_phase_b_masters" name="test_vendor_hold_skipped_for_team_expense_route" time="0.155" /><testcase classname="tests.test_phase_b_masters" name="test_vendor_hold_skipped_for_grn_document" time="0.143" /><testcase classname="tests.test_phase_b_masters" name="test_vendor_hold_released_when_po_vendor_matches" time="0.181"><failure message="AssertionError: assert 'pending_vendor' == 'auto_coded'&#10;  &#10;  - auto_coded&#10;  + pending_vendor">E   AssertionError: assert 'pending_vendor' == 'auto_coded'
      
      - auto_coded
      + pending_vendor</failure></testcase><testcase classname="tests.test_phase_d_governance" name="test_rule_book_changes_are_auditable" time="0.004" /><testcase classname="tests.test_phase_d_governance" name="test_spurious_modified_rule_ids_suppressed" time="0.003" /><testcase classname="tests.test_phase_d_governance" name="test_diff_rule_book_config_tracks_rule_ids" time="0.002" /><testcase classname="tests.test_phase_d_governance" name="test_rule_book_put_writes_audit_event" time="5.830"><failure message="AssertionError: assert UUID('550e8400-e29b-41d4-a716-446655440001') == 1&#10; +  where UUID('550e8400-e29b-41d4-a716-446655440001') = &lt;app.models.audit.AuditLog object at 0x000002478B26CDD0&gt;.tenant_id">E   AssertionError: assert UUID('550e8400-e29b-41d4-a716-446655440001') == 1
     +  where UUID('550e8400-e29b-41d4-a716-446655440001') = &lt;app.models.audit.AuditLog object at 0x000002478B26CDD0&gt;.tenant_id</failure></testcase><testcase classname="tests.test_phase_d_governance" name="test_rule_book_put_noop_does_not_write_audit_event" time="29.384" /><testcase classname="tests.test_phase_d_governance" name="test_rule_book_changelog_lists_events" time="7.964" /><testcase classname="tests.test_phase_d_governance" name="test_member_cannot_put_rule_book_when_auth_required" time="0.488" /><testcase classname="tests.test_phase_e_f_g_h" name="test_sync_purchase_order_from_routed_invoice" time="0.255" /><testcase classname="tests.test_phase_e_f_g_h" name="test_purchases_api_lists_three_way_match" time="0.215" /><testcase classname="tests.test_phase_e_f_g_h" name="test_purchases_api_lists_each_invoice_on_shared_po" time="0.283"><failure message="AssertionError: assert {'Shared Vendor'} == {'Google Aust...orms Ireland'}&#10;  &#10;  Extra items in the left set:&#10;  'Shared Vendor'&#10;  Extra items in the right set:&#10;  'Meta Platforms Ireland'&#10;  'Google Australia Pty Ltd'&#10;  Use -v to get more diff">E   AssertionError: assert {'Shared Vendor'} == {'Google Aust...orms Ireland'}
      
      Extra items in the left set:
      'Shared Vendor'
      Extra items in the right set:
      'Meta Platforms Ireland'
      'Google Australia Pty Ltd'
      Use -v to get more diff</failure></testcase><testcase classname="tests.test_phase_e_f_g_h" name="test_purchases_api_records_grn" time="0.294" /><testcase classname="tests.test_phase_e_f_g_h" name="test_purchases_api_approves_variance" time="0.181"><failure message="LookupError: Purchase order not found">E   LookupError: Purchase order not found</failure></testcase><testcase classname="tests.test_phase_e_f_g_h" name="test_payment_created_for_processed_invoice" time="0.116" /><testcase classname="tests.test_phase_e_f_g_h" name="test_payments_api_lists_queue" time="0.134" /><testcase classname="tests.test_phase_e_f_g_h" name="test_nav_badges_include_business_expenses" time="0.111" /><testcase classname="tests.test_phase_e_f_g_h" name="test_approval_policy_put_writes_audit" time="0.119" /><testcase classname="tests.test_phase_e_f_g_h" name="test_member_cannot_publish_without_privilege" time="0.684" /><testcase classname="tests.test_phase_e_f_g_h" name="test_wallet_summary_from_payments" time="0.170" /><testcase classname="tests.test_phase_e_f_g_h" name="test_billing_purchase_adds_credits" time="0.121" /><testcase classname="tests.test_phase_e_f_g_h" name="test_ledger_link_exports_processed_invoices" time="0.121" /><testcase classname="tests.test_phase_e_f_g_h" name="test_matrix_duplicate_conflict_detail" time="0.113"><failure message="AssertionError: assert '—' == 'DUP-100'&#10;  &#10;  - DUP-100&#10;  + —">E   AssertionError: assert '—' == 'DUP-100'
      
      - DUP-100
      + —</failure></testcase><testcase classname="tests.test_pipeline_current_stage" name="test_current_stage_processed_before_post" time="0.113" /><testcase classname="tests.test_pipeline_current_stage" name="test_current_stage_posted" time="0.096" /><testcase classname="tests.test_pipeline_current_stage" name="test_current_stage_exception_needs_review_maps_to_blocked_step" time="0.094" /><testcase classname="tests.test_pipeline_current_stage" name="test_current_stage_duplicate_skipped" time="0.091" /><testcase classname="tests.test_pipeline_current_stage" name="test_current_stage_rejected" time="0.105" /><testcase classname="tests.test_pipeline_llm_classification_e2e" name="test_pipeline_high_confidence_passes_gate_and_extracts" time="4.299"><failure message="assert None is not None&#10; +  where None = &lt;app.models.invoice.Invoice object at 0x000002478B644AA0&gt;.vendor">E   assert None is not None
     +  where None = &lt;app.models.invoice.Invoice object at 0x000002478B644AA0&gt;.vendor</failure></testcase><testcase classname="tests.test_pipeline_phase_order" name="test_pipeline_phase_audit_order_on_gate_pass" time="4.303"><failure message="ValueError: 'classification_gate_passed' is not in list">E   ValueError: 'classification_gate_passed' is not in list</failure></testcase><testcase classname="tests.test_pipeline_phase_order" name="test_pipeline_phase_audit_order_on_gate_fail" time="4.328" /><testcase classname="tests.test_platform_admin" name="test_list_client_tenants_excludes_platform_tenant" time="0.156" /><testcase classname="tests.test_platform_admin" name="test_create_client_tenant_seeds_modules" time="0.136" /><testcase classname="tests.test_platform_admin" name="test_create_client_tenant_invites_admin_without_shadow_user" time="0.412" /><testcase classname="tests.test_platform_admin" name="test_shadow_user_excluded_from_user_count" time="0.723" /><testcase classname="tests.test_platform_admin" name="test_provision_client_tenant_access_is_idempotent" time="0.401" /><testcase classname="tests.test_platform_admin" name="test_delete_client_tenant_removes_tenant_and_users" time="0.426" /><testcase classname="tests.test_platform_admin" name="test_delete_client_tenant_rejects_wrong_slug" time="0.121" /><testcase classname="tests.test_platform_admin" name="test_delete_client_tenant_blocks_platform_tenant" time="0.111" /><testcase classname="tests.test_po_reference_extract" name="test_extract_po_from_no_line" time="0.003" /><testcase classname="tests.test_po_reference_extract" name="test_extract_po_from_inline_no_on_header_line" time="0.003" /><testcase classname="tests.test_po_reference_extract" name="test_extract_po_from_purchase_order_number" time="0.005" /><testcase classname="tests.test_processing_api" name="test_trigger_inline_when_sync_processing" time="0.107" /><testcase classname="tests.test_processing_api" name="test_trigger_falls_back_when_celery_unavailable" time="0.115" /><testcase classname="tests.test_proxy_path" name="test_settings_normalize_root_path[-]" time="0.018" /><testcase classname="tests.test_proxy_path" name="test_settings_normalize_root_path[/ledgerlink-/ledgerlink]" time="0.017" /><testcase classname="tests.test_proxy_path" name="test_settings_normalize_root_path[/ledgerlink/-/ledgerlink]" time="0.025" /><testcase classname="tests.test_proxy_path" name="test_settings_normalize_root_path[ledgerlink-/ledgerlink]" time="0.031" /><testcase classname="tests.test_proxy_path" name="test_settings_normalize_root_path[  /ledgerlink/  -/ledgerlink]" time="0.030" /><testcase classname="tests.test_proxy_path" name="test_proxy_path_prefix_middleware_strips_prefix" time="0.018" /><testcase classname="tests.test_proxy_path" name="test_proxy_path_prefix_strips_health_path" time="0.035" /><testcase classname="tests.test_proxy_path" name="test_proxy_path_prefix_empty_is_noop" time="0.016" /><testcase classname="tests.test_public_api_url" name="test_webhook_and_oauth_urls_for_staging" time="0.024" /><testcase classname="tests.test_public_api_url" name="test_webhook_url_local_default" time="0.015" /><testcase classname="tests.test_public_tunnel_config" name="test_public_tunnel_overrides_local_urls" time="0.018" /><testcase classname="tests.test_public_tunnel_config" name="test_azure_webapp_overrides_localhost_public_url" time="0.028" /><testcase classname="tests.test_public_tunnel_config" name="test_build_public_app_path_appends_root_path_when_missing" time="0.015" /><testcase classname="tests.test_public_tunnel_config" name="test_vault_view_path_uses_azure_webapp_on_staging" time="0.016" /><testcase classname="tests.test_public_tunnel_config" name="test_build_public_app_path_uses_tunnel" time="0.015" /><testcase classname="tests.test_publish_service" name="test_publish_records_audit_and_charges_credits" time="0.273" /><testcase classname="tests.test_publish_service" name="test_publish_is_idempotent" time="0.312" /><testcase classname="tests.test_publish_service" name="test_reprocess_invalidates_stale_publish_flag" time="0.328" /><testcase classname="tests.test_publish_service" name="test_manual_publish_fails_without_credits" time="0.131" /><testcase classname="tests.test_purchase_bundle_role" name="test_split_bundle_items_only_user_codes" time="0.003" /><testcase classname="tests.test_purchase_bundle_role" name="test_bundle_satisfied_by_purchase_role_po_upload" time="0.007" /><testcase classname="tests.test_purchase_bundle_role" name="test_bundle_satisfied_by_purchase_role_grn_register" time="0.024" /><testcase classname="tests.test_purchase_document_validation" name="test_po_document_skips_vr02_duplicate_check" time="0.182" /><testcase classname="tests.test_purchase_document_validation" name="test_three_way_match_clean_after_grn_before_invoice_pending" time="0.004" /><testcase classname="tests.test_purchase_documents" name="test_infer_po_from_filename_not_subject" time="0.004" /><testcase classname="tests.test_purchase_documents" name="test_infer_grn_from_attachment_not_subject" time="0.003" /><testcase classname="tests.test_purchase_documents" name="test_infer_commercial_invoice_from_filename" time="0.003" /><testcase classname="tests.test_purchase_documents" name="test_infer_po_from_parsed_fields_when_filename_generic" time="0.003" /><testcase classname="tests.test_purchase_documents" name="test_infer_po_from_document_heading_when_due_date_present" time="0.004" /><testcase classname="tests.test_purchase_documents" name="test_infer_grn_from_document_heading" time="0.003" /><testcase classname="tests.test_purchase_documents" name="test_infer_invoice_from_parsed_invoice_number" time="0.003" /><testcase classname="tests.test_purchase_documents" name="test_po_first_then_commercial_invoice" time="0.228" /><testcase classname="tests.test_purchase_documents" name="test_commercial_invoice_awaiting_po" time="0.111" /><testcase classname="tests.test_purchase_dossier" name="test_dossier_without_po_reference" time="0.094" /><testcase classname="tests.test_purchase_dossier" name="test_dossier_po_and_invoice_linked" time="0.246
[...]
_skips_expense_book" time="0.019" /><testcase classname="tests.test_route_gated_mapping" name="test_expense_route_skips_rules_for_staff_mob_sender" time="0.021" /><testcase classname="tests.test_route_gated_mapping" name="test_vault_route_skips_category_books" time="0.020" /><testcase classname="tests.test_route_gated_mapping" name="test_aws_pipeline_mapping_after_evaluation" time="0.184" /><testcase classname="tests.test_route_gated_mapping" name="test_telstra_purchase_pipeline_skips_expense_book" time="0.154" /><testcase classname="tests.test_routing_review_service" name="test_routing_target_missing" time="0.003" /><testcase classname="tests.test_routing_review_service" name="test_requires_classification_review_when_unclassified" time="0.003" /><testcase classname="tests.test_routing_review_service" name="test_requires_gl_mapping_review_for_posting_fallback_only" time="0.003" /><testcase classname="tests.test_rule_book_audit_dedup" name="test_log_rule_book_updated_suppresses_identical_content" time="0.150" /><testcase classname="tests.test_rule_book_audit_dedup" name="test_log_rule_book_updated_allows_real_change" time="0.110" /><testcase classname="tests.test_rule_book_config_api" name="test_rule_book_config_get_put_roundtrip" time="6.088" /><testcase classname="tests.test_rule_book_config_api" name="test_saved_org_config_not_overwritten_when_template_newer" time="7.008" /><testcase classname="tests.test_rule_book_config_api" name="test_rule_book_config_validates_nested_conditions" time="7.213" /><testcase classname="tests.test_rule_book_config_api" name="test_delete_document_type_persists" time="308.362" /><testcase classname="tests.test_rule_book_config_repository" name="test_ensure_default_and_upsert_roundtrip" time="0.343" /><testcase classname="tests.test_rule_book_config_repository" name="test_ensure_default_is_idempotent" time="0.272" /><testcase classname="tests.test_rule_book_eval_document" name="test_invoice_to_eval_document_uses_canonical_doc_number" time="0.008" /><testcase classname="tests.test_rule_book_evaluate_api" name="test_evaluate_rule_book_sample" time="0.401" /><testcase classname="tests.test_rule_book_evaluate_api" name="test_evaluate_rule_book_draft_config" time="0.303" /><testcase classname="tests.test_rule_book_file_import" name="test_legacy_int_file_imports_to_testing_tenant" time="0.268" /><testcase classname="tests.test_rule_book_ingest_stats" name="test_load_ingest_stats_counts_current_month_only" time="0.321" /><testcase classname="tests.test_rule_book_ingest_stats" name="test_attach_ingest_stats_overlays_config" time="0.329" /><testcase classname="tests.test_rule_book_ingest_stats" name="test_strip_volatile_stats_removes_server_fields" time="0.009" /><testcase classname="tests.test_rule_book_ingest_stats" name="test_month_start_utc" time="0.009" /><testcase classname="tests.test_rule_book_ingest_stats" name="test_apply_ingest_capture_feeds_stats" time="0.365" /><testcase classname="tests.test_rule_book_mapper" name="test_rule_match_reason_avoids_doubled_prefix" time="0.007" /><testcase classname="tests.test_rule_book_mapper" name="test_purchase_rule_maps_before_fallback" time="0.032" /><testcase classname="tests.test_rule_book_mapper" name="test_expense_rule_maps_from_line_descriptions" time="0.030" /><testcase classname="tests.test_rule_book_mapper" name="test_config_fallback_when_no_rule_matches" time="0.029" /><testcase classname="tests.test_rule_book_mapper" name="test_atlassian_maps_via_expense_rule" time="0.031" /><testcase classname="tests.test_rule_book_mapper" name="test_marketing_po_uses_purchase_rule" time="0.029" /><testcase classname="tests.test_rule_book_save_buffer" name="test_put_persists_before_response_even_with_debounce" time="6.987" /><testcase classname="tests.test_rule_book_save_buffer" name="test_debounced_puts_commit_once_without_request_session" time="4.579"><failure message="RuntimeError: Event loop is closed">E   RuntimeError: Event loop is closed</failure></testcase><testcase classname="tests.test_rule_engine" name="test_sample_eval_aws_purchase_rule" time="0.026" /><testcase classname="tests.test_rule_engine" name="test_build_live_evaluation_sample_rows" time="0.025" /><testcase classname="tests.test_rule_engine" name="test_match_disabled_email_capture_rule" time="0.009" /><testcase classname="tests.test_rule_engine" name="test_microsoft_azure_invoice_test6_capture_rule" time="0.006" /><testcase classname="tests.test_rule_engine" name="test_starts_with_pdf_never_matches_real_filenames" time="0.007" /><testcase classname="tests.test_security_scoping" name="test_line_items_cross_org_returns_404" time="0.514" /><testcase classname="tests.test_security_scoping" name="test_journal_entries_cross_org_returns_404" time="0.441" /><testcase classname="tests.test_stored_path_repair" name="test_blob_name_matches_invoice_marker" time="0.007" /><testcase classname="tests.test_stored_path_repair" name="test_repair_invoice_stored_path_from_blob_search" time="0.137" /><testcase classname="tests.test_stored_path_repair" name="test_repair_invoice_stored_path_from_audit" time="0.134" /><testcase classname="tests.test_tax_id_validator" name="test_valid_abn_accepted" time="0.003" /><testcase classname="tests.test_tax_id_validator" name="test_foreign_vat_accepted" time="0.006" /><testcase classname="tests.test_tax_id_validator" name="test_invalid_eleven_digit_rejected" time="0.004" /><testcase classname="tests.test_tenant_api_isolation" name="test_invoice_detail_cross_tenant_returns_404" time="0.404" /><testcase classname="tests.test_tenant_api_isolation" name="test_invoice_list_excludes_other_tenant" time="0.436" /><testcase classname="tests.test_tenant_api_isolation" name="test_x_tenant_id_header_mismatch_rejected" time="0.422" /><testcase classname="tests.test_tenant_auth_flow" name="test_login_verify_otp_issues_tokens" time="6.613" /><testcase classname="tests.test_tenant_auth_flow" name="test_verify_otp_multi_tenant_returns_picker" time="5.010" /><testcase classname="tests.test_tenant_header_scope" name="test_header_mismatch_returns_403" time="0.448" /><testcase classname="tests.test_tenant_members_api" name="test_admin_lists_and_invites_member" time="2.482" /><testcase classname="tests.test_tenant_members_api" name="test_admin_revokes_pending_invite" time="1.548" /><testcase classname="tests.test_tenant_members_api" name="test_viewer_cannot_invite" time="0.378" /><testcase classname="tests.test_tenant_members_api" name="test_last_admin_cannot_be_demoted" time="0.422" /><testcase classname="tests.test_tenant_members_api" name="test_invite_accept_creates_auth_and_membership" time="1.586" /><testcase classname="tests.test_tenant_members_api" name="test_permissions_endpoint_returns_matrix" time="0.456" /><testcase classname="tests.test_tenant_modules" name="test_enabled_modules_map_defaults_missing_row_to_true" time="0.114" /><testcase classname="tests.test_tenant_modules" name="test_enabled_modules_map_respects_disabled_row" time="0.110" /><testcase classname="tests.test_tenant_modules" name="test_validate_module_keys_rejects_unknown" time="0.004" /><testcase classname="tests.test_tenant_modules" name="test_update_client_tenant_rejects_unknown_module_key" time="0.108" /><testcase classname="tests.test_tenant_modules" name="test_vault_api_returns_403_when_module_disabled" time="0.376" /><testcase classname="tests.test_tenant_modules" name="test_permissions_endpoint_includes_enabled_modules" time="0.418" /><testcase classname="tests.test_tenant_rls" name="test_rls_hides_other_tenant_invoices" time="0.095"><skipped type="pytest.skip" message="PostgreSQL RLS is not active on SQLite test database">C:\Users\VISHN\OneDrive\Desktop\Email_to_Acc_proj\backend\tests\test_tenant_rls.py:16: PostgreSQL RLS is not active on SQLite test database</skipped></testcase><testcase classname="tests.test_tenant_roles" name="test_normalize_legacy_member_to_approver" time="0.004" /><testcase classname="tests.test_tenant_roles" name="test_matrix_row_for_all_roles[admin-Admin]" time="0.004" /><testcase classname="tests.test_tenant_roles" name="test_matrix_row_for_all_roles[approver-Approver]" time="0.004" /><testcase classname="tests.test_tenant_roles" name="test_matrix_row_for_all_roles[bookkeeper-Bookkeeper]" time="0.003" /><testcase classname="tests.test_tenant_roles" name="test_matrix_row_for_all_roles[viewer-Viewer]" time="0.003" /><testcase classname="tests.test_tenant_roles" name="test_matrix_row_for_all_roles[auditor-Auditor]" time="0.003" /><testcase classname="tests.test_tenant_roles" name="test_matrix_row_for_all_roles[member-Approver]" time="0.004" /><testcase classname="tests.test_tenant_roles" name="test_tenant_role_to_user_role_maps_non_admin_to_member_enum" time="0.003" /><testcase classname="tests.test_tenant_roles" name="test_bookkeeper_cannot_approve_with_default_matrix" time="0.018" /><testcase classname="tests.test_tenant_roles" name="test_viewer_cannot_comment_with_default_matrix" time="0.016" /><testcase classname="tests.test_tenant_roles" name="test_unknown_role_defaults_to_viewer_matrix_row" time="0.003" /><testcase classname="tests.test_tenant_settings" name="test_default_institution_settings" time="0.013" /><testcase classname="tests.test_tenant_settings" name="test_tenant_timezone_from_country" time="0.003" /><testcase classname="tests.test_tenant_settings" name="test_tenant_timezone_explicit_override" time="0.011" /><testcase classname="tests.test_tenant_settings" name="test_merge_institution_settings_country_sets_timezone" time="0.003" /><testcase classname="tests.test_tenant_settings" name="test_institution_settings_view_defaults_without_json" time="0.003" /><testcase classname="tests.test_tenant_settings" name="test_tenant_today_uses_institution_zone" time="0.010" /><testcase classname="tests.test_tenant_storage_paths" name="test_tenant_root_and_blob_name" time="0.003" /><testcase classname="tests.test_tenant_storage_paths" name="test_legacy_detection_and_migration_path" time="0.003" /><testcase classname="tests.test_tenant_storage_paths" name="test_resolve_blob_candidates_includes_legacy_and_tenant" time="0.016" /><testcase classname="tests.test_tenant_storage_paths" name="test_resolve_blob_candidates_includes_document_type_folder_encoding_variants" time="0.021" /><testcase classname="tests.test_tenant_storage_paths" name="test_billing_lazy_migration" time="0.025" /><testcase classname="tests.test_uom_three_way_match" name="test_normalize_uom_aliases" time="0.003" /><testcase classname="tests.test_uom_three_way_match" name="test_carton_to_ea_conversion" time="0.010" /><testcase classname="tests.test_uom_three_way_match" name="test_three_way_match_equivalent_uom_no_false_variance" time="0.004" /><testcase classname="tests.test_uom_three_way_match" name="test_three_way_match_partial_receipt_qty_variance" time="0.005" /><testcase classname="tests.test_uom_three_way_match" name="test_three_way_match_invoice_matches_grn_after_uom" time="0.004" /><testcase classname="tests.test_validation_rule_resolution" name="test_resolve_validation_rules_honours_all_disabled" time="0.003" /><testcase classname="tests.test_validation_rule_resolution" name="test_resolve_validation_rules_uses_profile_when_unconfigured" time="0.005" /><testcase classname="tests.test_validation_rule_resolution" name="test_resolve_validation_rules_explicit_beats_forced_standard_profile" time="0.008" /><testcase classname="tests.test_validation_rule_resolution" name="test_run_configured_validations_skips_vr03_when_disabled" time="0.034" /><testcase classname="tests.test_validator" name="test_vr03_pass" time="0.009" /><testcase classname="tests.test_validator" name="test_vr03_fail" time="0.007" /><testcase classname="tests.test_validator" name="test_vr03_fail_no_line_items" time="0.018" /><testcase classname="tests.test_validator" name="test_vr05_pass" time="0.134" /><testcase classname="tests.test_validator" name="test_vr05_fail_wrong_length" time="0.111" /><testcase classname="tests.test_validator" name="test_vr05_pass_eleven_digits_without_checksum" time="0.113" /><testcase classname="tests.test_validator" name="test_vr05_foreign_tax_id_requires_checksum_mode" time="0.125" /><testcase classname="tests.test_validator" name="test_vr06_fail_missing_due" time="0.004" /><testcase classname="tests.test_validator" name="test_vr06_fail_due_before_invoice" time="0.003" /><testcase classname="tests.test_validator" name="test_vr06_pass" time="0.004" /><testcase classname="tests.test_validator" name="test_vr07_pass" time="0.004" /><testcase classname="tests.test_validator" name="test_vr08_pass" time="0.004" /><testcase classname="tests.test_validator" name="test_vr08_tolerance_boundary" time="0.004" /><testcase classname="tests.test_validator" name="test_vr01_pass" time="0.003" /><testcase classname="tests.test_validator" name="test_vr01_tolerance_boundary" time="0.006" /><testcase classname="tests.test_validator" name="test_vr07_fail" time="0.004" /><testcase classname="tests.test_validator" name="test_vr08_fail" time="0.003" /><testcase classname="tests.test_validator" name="test_vr01_fail" time="0.004" /><testcase classname="tests.test_validator" name="test_vr02_unique" time="0.139" /><testcase classname="tests.test_validator" name="test_vr02_duplicate_same_vendor" time="0.163" /><testcase classname="tests.test_validator" name="test_vr02_disabled_allows_duplicate" time="0.113" /><testcase classname="tests.test_validator" name="test_vr02_same_no_different_org_ok" time="0.121" /><testcase classname="tests.test_validator" name="test_vr02_same_no_different_vendor_ok" time="0.128" /><testcase classname="tests.test_validator" name="test_all_pass" time="0.183" /><testcase classname="tests.test_vault_api" name="test_vault_tree_empty" time="0.150" /><testcase classname="tests.test_vault_api" name="test_vault_tree_uses_hv_org_folder" time="0.178" /><testcase classname="tests.test_vault_api" name="test_vault_tree_with_stored_file" time="0.162"><failure message="AssertionError: assert False&#10; +  where False = &lt;built-in method startswith of str object at 0x000002478CC43C00&gt;('invoice/')&#10; +    where &lt;built-in method startswith of str object at 0x000002478CC43C00&gt; = 'tenants/550e8400-e29b-41d4-a716-446655440001/invoice/Purchase Management/Atlassian Pty Ltd/2026/May/INV-001_2026-05-04_id1.pdf'.startswith">E   AssertionError: assert False
     +  where False = &lt;built-in method startswith of str object at 0x000002478CC43C00&gt;('invoice/')
     +    where &lt;built-in method startswith of str object at 0x000002478CC43C00&gt; = 'tenants/550e8400-e29b-41d4-a716-446655440001/invoice/Purchase Management/Atlassian Pty Ltd/2026/May/INV-001_2026-05-04_id1.pdf'.startswith</failure></testcase><testcase classname="tests.test_vault_api" name="test_vault_tree_vault_document_type_folder" time="0.194" /><testcase classname="tests.test_vault_api" name="test_vault_tree_excludes_no_file_path" time="0.159" /><testcase classname="tests.test_vault_api" name="test_vault_tree_excludes_duplicate_skipped" time="0.157" /><testcase classname="tests.test_vault_api" name="test_vault_migrate_blob_disabled" time="0.130" /><testcase classname="tests.test_vault_invoice_paths" name="test_vault_document_type_segment_only_for_vault_route" time="0.008" /><testcase classname="tests.test_vault_invoice_paths" name="test_vault_document_type_folder_for_invoice_without_catalog" time="0.005" /><testcase classname="tests.test_vault_paths" name="test_vault_tenant_folder" time="0.005" /><testcase classname="tests.test_vault_paths" name="test_vault_book_folder" time="0.004" /><testcase classname="tests.test_vault_paths" name="test_vault_vendor_folder_display_name" time="0.009" /><testcase classname="tests.test_vault_paths" name="test_vault_month_name_only" time="0.005" /><testcase classname="tests.test_vault_paths" name="test_build_vault_blob_name" time="0.007" /><testcase classname="tests.test_vault_paths" name="test_build_vault_blob_name_with_document_type" time="0.004" /><testcase classname="tests.test_vault_paths" name="test_vault_document_type_folder_label" time="0.003" /><testcase classname="tests.test_vault_paths" name="test_purchase_blob_name_flat_with_shared_po_in_filename" time="0.005" /><testcase classname="tests.test_vault_paths" name="test_vault_file_name_uses_po_reference_for_purchase_docs" time="0.004" /><testcase classname="tests.test_vault_paths" name="test_vault_file_name_unique_for_shared_invoice_no" time="0.004" /><testcase classname="tests.test_vault_paths" name="test_strip_org_segment_from_blob_path" time="0.003" /><testcase classname="tests.test_vault_paths" name="test_filename_from_stored_vault_path" time="0.006" /><testcase classname="tests.test_vault_paths" name="test_relocate_paths_unique_for_shared_invoice_no" time="0.003" /><testcase classname="tests.test_vault_paths" name="test_build_vault_tree" time="0.004" /><testcase classname="tests.test_vault_paths" name="test_build_vault_tree_with_document_type" time="0.006" /><testcase classname="tests.test_vendor_detection" name="test_levenshtein_ratio_close_names" time="0.004" /><testcase classname="tests.test_vendor_detection" name="test_name_signal_uses_fuzzy_not_substring_only" time="0.009" /><testcase classname="tests.test_vendor_detection" name="test_bank_signal_requires_bsb_and_account" time="0.018" /><testcase classname="tests.test_vendor_detection" name="test_score_vendor_match_all_signals" time="0.007" /><testcase classname="tests.test_vendor_detection" name="test_detect_vendor_identified_at_threshold" time="0.019" /><testcase classname="tests.test_vendor_detection" name="test_detect_vendor_below_threshold_not_identified" time="0.020" /><testcase classname="tests.test_vendor_detection" name="test_partial_name_match_triggers_pending_vendor" time="0.032" /><testcase classname="tests.test_vendor_detection" name="test_known_master_name_match_does_not_trigger_pending_vendor" time="0.015" /><testcase classname="tests.test_vendor_detection" name="test_find_matching_vendor_master_by_name" time="0.004" /><testcase classname="tests.test_vendor_registration_policy" name="test_vendor_master_check_disabled_for_non_actionable" time="0.003" /><testcase classname="tests.test_vendor_registration_policy" name="test_vendor_registration_not_required_for_vault_contract" time="0.004" /><testcase classname="tests.test_vendor_registration_policy" name="test_vendor_registration_required_for_purchase_when_vr12_on" time="0.006" /><testcase classname="tests.test_vendor_registration_policy" name="test_vendor_registration_not_required_when_vr12_disabled" time="0.004" /><testcase classname="tests.test_vendor_registration_policy" name="test_vendor_detection_skipped_when_registration_not_required" time="0.005" /><testcase classname="tests.test_vendor_registration_policy" name="test_evaluate_routing_vault_contract_needs_review_not_pending_vendor" time="0.063" /><testcase classname="tests.test_viber_webhook" name="test_verify_signature_valid" time="0.010" /><testcase classname="tests.test_viber_webhook" name="test_verify_signature_invalid" time="0.006" /><testcase classname="tests.test_viber_webhook" name="test_parse_viber_picture_event" time="0.010" /><testcase classname="tests.test_viber_webhook" name="test_parse_viber_non_message_returns_none" time="0.004" /><testcase classname="tests.test_vr05_approved_vendor" name="test_vr05_uses_approved_registry_abn" time="0.123" /><testcase classname="tests.test_whatsapp_webhook" name="test_verify_webhook_signature_valid" time="0.033" /><testcase classname="tests.test_whatsapp_webhook" name="test_meta_webhook_verify_token_from_settings" time="0.024" /><testcase classname="tests.test_workbook_writer" name="test_map_with_details_po_match" time="0.078" /><testcase classname="tests.test_workbook_writer" name="test_write_workbook_sheets" time="0.483" /><testcase classname="tests.test_workbook_writer" name="test_workbook_filename_range" time="0.034" /></testsuite></testsuites>